mode: set
tourism-monitoring/config/database.go:19.39,38.16 5 0
tourism-monitoring/config/database.go:38.16,39.33 1 0
tourism-monitoring/config/database.go:42.2,42.16 1 0
tourism-monitoring/config/migration.go:9.29,14.2 4 0
tourism-monitoring/controllers/ai/ai_controller.go:15.61,17.2 1 0
tourism-monitoring/controllers/ai/ai_controller.go:19.81,21.16 2 0
tourism-monitoring/controllers/ai/ai_controller.go:21.16,23.3 1 0
tourism-monitoring/controllers/ai/ai_controller.go:25.2,26.16 2 0
tourism-monitoring/controllers/ai/ai_controller.go:26.16,28.3 1 0
tourism-monitoring/controllers/ai/ai_controller.go:30.2,30.87 1 0
tourism-monitoring/controllers/auth/auth_controller.go:12.67,16.2 1 0
tourism-monitoring/controllers/auth/auth_controller.go:22.76,26.16 4 0
tourism-monitoring/controllers/auth/auth_controller.go:26.16,28.3 1 0
tourism-monitoring/controllers/auth/auth_controller.go:29.2,29.60 1 0
tourism-monitoring/controllers/auth/auth_controller.go:32.79,34.46 2 0
tourism-monitoring/controllers/auth/auth_controller.go:34.46,36.3 1 0
tourism-monitoring/controllers/auth/auth_controller.go:37.2,38.16 2 0
tourism-monitoring/controllers/auth/auth_controller.go:38.16,40.3 1 0
tourism-monitoring/controllers/auth/auth_controller.go:41.2,41.60 1 0
tourism-monitoring/main.go:35.13,36.34 1 0
tourism-monitoring/main.go:36.34,38.3 1 0
tourism-monitoring/main.go:40.2,41.16 2 0
tourism-monitoring/main.go:41.16,43.3 1 0
tourism-monitoring/main.go:44.2,76.16 20 0
tourism-monitoring/main.go:76.16,78.3 1 0
tourism-monitoring/main.go:79.2,98.41 7 0
tourism-monitoring/main.go:98.41,100.3 1 0
tourism-monitoring/main.go:103.22,104.40 1 0
tourism-monitoring/main.go:104.40,106.3 1 0
tourism-monitoring/main.go:107.2,107.12 1 0
tourism-monitoring/controllers/pagination/pagination_response.go:19.106,31.2 2 0
tourism-monitoring/controllers/base/base_response.go:16.53,22.2 1 0
tourism-monitoring/controllers/base/base_response.go:24.53,29.2 1 0
tourism-monitoring/controllers/auth/response/auth_response.go:12.52,19.2 1 0
tourism-monitoring/controllers/auth/request/login_request.go:10.61,15.2 1 0
tourism-monitoring/controllers/auth/request/register_request.go:16.67,27.2 1 0
tourism-monitoring/controllers/places/places_controller.go:18.75,20.2 1 0
tourism-monitoring/controllers/places/places_controller.go:22.71,26.14 3 0
tourism-monitoring/controllers/places/places_controller.go:26.14,28.3 1 0
tourism-monitoring/controllers/places/places_controller.go:29.2,29.15 1 0
tourism-monitoring/controllers/places/places_controller.go:29.15,31.3 1 0
tourism-monitoring/controllers/places/places_controller.go:33.2,34.16 2 0
tourism-monitoring/controllers/places/places_controller.go:34.16,36.3 1 0
tourism-monitoring/controllers/places/places_controller.go:38.2,39.16 2 0
tourism-monitoring/controllers/places/places_controller.go:39.16,41.3 1 0
tourism-monitoring/controllers/places/places_controller.go:42.2,42.80 1 0
tourism-monitoring/controllers/places/places_controller.go:45.71,48.16 3 0
tourism-monitoring/controllers/places/places_controller.go:48.16,50.3 1 0
tourism-monitoring/controllers/places/places_controller.go:51.2,51.65 1 0
tourism-monitoring/controllers/places/places_controller.go:54.70,56.38 2 0
tourism-monitoring/controllers/places/places_controller.go:56.38,58.3 1 0
tourism-monitoring/controllers/places/places_controller.go:59.2,60.19 2 0
tourism-monitoring/controllers/places/places_controller.go:60.19,62.6 1 0
tourism-monitoring/controllers/places/places_controller.go:63.5,63.48 1 0
tourism-monitoring/controllers/places/places_controller.go:66.70,70.38 3 0
tourism-monitoring/controllers/places/places_controller.go:70.38,72.3 1 0
tourism-monitoring/controllers/places/places_controller.go:74.2,77.16 3 0
tourism-monitoring/controllers/places/places_controller.go:77.16,79.3 1 0
tourism-monitoring/controllers/places/places_controller.go:81.2,81.71 1 0
tourism-monitoring/controllers/places/places_controller.go:84.70,86.65 2 0
tourism-monitoring/controllers/places/places_controller.go:86.65,88.3 1 0
tourism-monitoring/controllers/places/places_controller.go:89.2,89.61 1 0
tourism-monitoring/controllers/tourists/tourists_controller.go:18.83,20.2 1 0
tourism-monitoring/controllers/tourists/tourists_controller.go:22.75,26.14 3 0
tourism-monitoring/controllers/tourists/tourists_controller.go:26.14,28.3 1 0
tourism-monitoring/controllers/tourists/tourists_controller.go:29.2,29.15 1 0
tourism-monitoring/controllers/tourists/tourists_controller.go:29.15,31.3 1 0
tourism-monitoring/controllers/tourists/tourists_controller.go:33.2,34.16 2 0
tourism-monitoring/controllers/tourists/tourists_controller.go:34.16,36.3 1 0
tourism-monitoring/controllers/tourists/tourists_controller.go:38.2,39.16 2 0
tourism-monitoring/controllers/tourists/tourists_controller.go:39.16,41.3 1 0
tourism-monitoring/controllers/tourists/tourists_controller.go:42.2,42.112 1 0
tourism-monitoring/controllers/tourists/tourists_controller.go:45.75,48.16 3 0
tourism-monitoring/controllers/tourists/tourists_controller.go:48.16,50.3 1 0
tourism-monitoring/controllers/tourists/tourists_controller.go:51.2,51.69 1 0
tourism-monitoring/controllers/tourists/tourists_controller.go:54.74,56.37 2 0
tourism-monitoring/controllers/tourists/tourists_controller.go:56.37,58.3 1 0
tourism-monitoring/controllers/tourists/tourists_controller.go:60.2,61.16 2 0
tourism-monitoring/controllers/tourists/tourists_controller.go:61.16,63.3 1 0
tourism-monitoring/controllers/tourists/tourists_controller.go:64.2,64.44 1 0
tourism-monitoring/controllers/tourists/tourists_controller.go:67.74,71.37 3 0
tourism-monitoring/controllers/tourists/tourists_controller.go:71.37,73.3 1 0
tourism-monitoring/controllers/tourists/tourists_controller.go:75.2,76.16 2 0
tourism-monitoring/controllers/tourists/tourists_controller.go:76.16,78.3 1 0
tourism-monitoring/controllers/tourists/tourists_controller.go:80.2,80.72 1 0
tourism-monitoring/controllers/tourists/tourists_controller.go:83.74,85.69 2 0
tourism-monitoring/controllers/tourists/tourists_controller.go:85.69,87.3 1 0
tourism-monitoring/controllers/tourists/tourists_controller.go:88.2,88.60 1 0
tourism-monitoring/controllers/places/response/places_response.go:13.65,15.31 2 0
tourism-monitoring/controllers/places/response/places_response.go:15.31,22.3 1 0
tourism-monitoring/controllers/places/response/places_response.go:23.2,23.18 1 0
tourism-monitoring/controllers/places/response/places_response.go:26.58,33.2 1 0
tourism-monitoring/controllers/tourists/response/tourists_response.go:14.67,16.29 2 0
tourism-monitoring/controllers/tourists/response/tourists_response.go:16.29,25.3 1 0
tourism-monitoring/controllers/tourists/response/tourists_response.go:26.2,26.18 1 0
tourism-monitoring/controllers/tourists/response/tourists_response.go:29.60,38.2 1 0
tourism-monitoring/controllers/trash_report/response/trash_report_response.go:15.89,17.43 2 0
tourism-monitoring/controllers/trash_report/response/trash_report_response.go:17.43,25.3 1 0
tourism-monitoring/controllers/trash_report/response/trash_report_response.go:26.2,26.18 1 0
tourism-monitoring/controllers/trash_report/response/trash_report_response.go:29.82,37.2 1 0
tourism-monitoring/controllers/trash_report/trash_report_controller.go:19.96,21.2 1 0
tourism-monitoring/controllers/trash_report/trash_report_controller.go:23.88,27.14 3 0
tourism-monitoring/controllers/trash_report/trash_report_controller.go:27.14,29.3 1 0
tourism-monitoring/controllers/trash_report/trash_report_controller.go:30.2,30.15 1 0
tourism-monitoring/controllers/trash_report/trash_report_controller.go:30.15,32.3 1 0
tourism-monitoring/controllers/trash_report/trash_report_controller.go:34.2,35.16 2 0
tourism-monitoring/controllers/trash_report/trash_report_controller.go:35.16,37.3 1 0
tourism-monitoring/controllers/trash_report/trash_report_controller.go:39.2,41.16 3 0
tourism-monitoring/controllers/trash_report/trash_report_controller.go:41.16,43.3 1 0
tourism-monitoring/controllers/trash_report/trash_report_controller.go:44.2,44.81 1 0
tourism-monitoring/controllers/trash_report/trash_report_controller.go:47.83,50.16 3 0
tourism-monitoring/controllers/trash_report/trash_report_controller.go:50.16,52.3 1 0
tourism-monitoring/controllers/trash_report/trash_report_controller.go:53.2,53.71 1 0
tourism-monitoring/controllers/trash_report/trash_report_controller.go:56.82,58.36 2 0
tourism-monitoring/controllers/trash_report/trash_report_controller.go:58.36,60.3 1 0
tourism-monitoring/controllers/trash_report/trash_report_controller.go:62.2,63.16 2 0
tourism-monitoring/controllers/trash_report/trash_report_controller.go:63.16,65.3 1 0
tourism-monitoring/controllers/trash_report/trash_report_controller.go:67.2,68.16 2 0
tourism-monitoring/controllers/trash_report/trash_report_controller.go:68.16,70.3 1 0
tourism-monitoring/controllers/trash_report/trash_report_controller.go:71.2,71.78 1 0
tourism-monitoring/controllers/trash_report/trash_report_controller.go:74.82,78.36 3 0
tourism-monitoring/controllers/trash_report/trash_report_controller.go:78.36,80.3 1 0
tourism-monitoring/controllers/trash_report/trash_report_controller.go:82.2,83.16 2 0
tourism-monitoring/controllers/trash_report/trash_report_controller.go:83.16,85.3 1 0
tourism-monitoring/controllers/trash_report/trash_report_controller.go:87.2,88.31 2 0
tourism-monitoring/controllers/trash_report/trash_report_controller.go:88.31,90.3 1 0
tourism-monitoring/controllers/trash_report/trash_report_controller.go:92.2,93.16 2 0
tourism-monitoring/controllers/trash_report/trash_report_controller.go:93.16,95.3 1 0
tourism-monitoring/controllers/trash_report/trash_report_controller.go:97.2,97.78 1 0
tourism-monitoring/controllers/trash_report/trash_report_controller.go:100.82,103.16 3 0
tourism-monitoring/controllers/trash_report/trash_report_controller.go:103.16,105.3 1 0
tourism-monitoring/controllers/trash_report/trash_report_controller.go:106.2,106.68 1 0
tourism-monitoring/controllers/visit_report/visit_report_controller.go:18.96,20.2 1 0
tourism-monitoring/controllers/visit_report/visit_report_controller.go:22.83,26.14 3 0
tourism-monitoring/controllers/visit_report/visit_report_controller.go:26.14,28.3 1 0
tourism-monitoring/controllers/visit_report/visit_report_controller.go:29.2,29.15 1 0
tourism-monitoring/controllers/visit_report/visit_report_controller.go:29.15,31.3 1 0
tourism-monitoring/controllers/visit_report/visit_report_controller.go:33.2,34.16 2 0
tourism-monitoring/controllers/visit_report/visit_report_controller.go:34.16,36.3 1 0
tourism-monitoring/controllers/visit_report/visit_report_controller.go:38.2,39.16 2 0
tourism-monitoring/controllers/visit_report/visit_report_controller.go:39.16,41.3 1 0
tourism-monitoring/controllers/visit_report/visit_report_controller.go:42.2,42.81 1 0
tourism-monitoring/controllers/visit_report/visit_report_controller.go:45.83,47.16 2 0
tourism-monitoring/controllers/visit_report/visit_report_controller.go:47.16,49.3 1 0
tourism-monitoring/controllers/visit_report/visit_report_controller.go:51.2,52.16 2 0
tourism-monitoring/controllers/visit_report/visit_report_controller.go:52.16,54.3 1 0
tourism-monitoring/controllers/visit_report/visit_report_controller.go:56.2,56.76 1 0
tourism-monitoring/controllers/visit_report/visit_report_controller.go:59.82,62.36 2 0
tourism-monitoring/controllers/visit_report/visit_report_controller.go:62.36,64.3 1 0
tourism-monitoring/controllers/visit_report/visit_report_controller.go:66.2,67.16 2 0
tourism-monitoring/controllers/visit_report/visit_report_controller.go:67.16,69.3 1 0
tourism-monitoring/controllers/visit_report/visit_report_controller.go:71.2,72.16 2 0
tourism-monitoring/controllers/visit_report/visit_report_controller.go:72.16,74.3 1 0
tourism-monitoring/controllers/visit_report/visit_report_controller.go:76.2,76.46 1 0
tourism-monitoring/controllers/visit_report/visit_report_controller.go:79.82,83.36 3 0
tourism-monitoring/controllers/visit_report/visit_report_controller.go:83.36,85.3 1 0
tourism-monitoring/controllers/visit_report/visit_report_controller.go:87.2,88.16 2 0
tourism-monitoring/controllers/visit_report/visit_report_controller.go:88.16,90.3 1 0
tourism-monitoring/controllers/visit_report/visit_report_controller.go:92.2,93.16 2 0
tourism-monitoring/controllers/visit_report/visit_report_controller.go:93.16,95.3 1 0
tourism-monitoring/controllers/visit_report/visit_report_controller.go:97.2,97.46 1 0
tourism-monitoring/controllers/visit_report/visit_report_controller.go:100.82,102.65 2 0
tourism-monitoring/controllers/visit_report/visit_report_controller.go:102.65,104.3 1 0
tourism-monitoring/controllers/visit_report/visit_report_controller.go:105.2,105.68 1 0
tourism-monitoring/controllers/trash_report/request/trash_report_request.go:17.89,19.16 2 0
tourism-monitoring/controllers/trash_report/request/trash_report_request.go:19.16,21.3 1 0
tourism-monitoring/controllers/trash_report/request/trash_report_request.go:22.2,28.8 1 0
tourism-monitoring/controllers/visit_report/response/visit_report_response.go:17.89,19.43 2 0
tourism-monitoring/controllers/visit_report/response/visit_report_response.go:19.43,35.3 1 0
tourism-monitoring/controllers/visit_report/response/visit_report_response.go:36.2,36.18 1 0
tourism-monitoring/controllers/visit_report/response/visit_report_response.go:39.82,55.2 1 0
tourism-monitoring/helper/rensponse_code_helper.go:8.44,9.13 1 0
tourism-monitoring/helper/rensponse_code_helper.go:10.32,11.31 1 0
tourism-monitoring/helper/rensponse_code_helper.go:12.31,13.31 1 0
tourism-monitoring/helper/rensponse_code_helper.go:14.34,15.31 1 0
tourism-monitoring/helper/rensponse_code_helper.go:17.2,17.39 1 0
tourism-monitoring/controllers/weather/weather_controller.go:14.79,16.2 1 0
tourism-monitoring/controllers/weather/weather_controller.go:18.71,20.16 2 0
tourism-monitoring/controllers/weather/weather_controller.go:20.16,22.3 1 0
tourism-monitoring/controllers/weather/weather_controller.go:24.2,25.16 2 0
tourism-monitoring/controllers/weather/weather_controller.go:25.16,27.3 1 0
tourism-monitoring/controllers/weather/weather_controller.go:29.2,29.43 1 0
tourism-monitoring/controllers/visit_report/request/visit_report_request.go:19.89,21.16 2 0
tourism-monitoring/controllers/visit_report/request/visit_report_request.go:21.16,23.3 1 0
tourism-monitoring/controllers/visit_report/request/visit_report_request.go:24.2,30.8 1 0
tourism-monitoring/repositories/auth/auth_repo.go:10.41,14.2 1 0
tourism-monitoring/repositories/auth/auth_repo.go:20.75,23.25 3 0
tourism-monitoring/repositories/auth/auth_repo.go:23.25,25.3 1 0
tourism-monitoring/repositories/auth/auth_repo.go:26.2,26.33 1 0
tourism-monitoring/repositories/auth/auth_repo.go:29.78,30.56 1 0
tourism-monitoring/repositories/auth/auth_repo.go:30.56,32.3 1 0
tourism-monitoring/repositories/auth/auth_repo.go:33.2,33.18 1 0
tourism-monitoring/repositories/auth/auth_repo.go:36.78,38.75 2 0
tourism-monitoring/repositories/auth/auth_repo.go:38.75,40.3 1 0
tourism-monitoring/repositories/auth/auth_repo.go:41.2,41.18 1 0
tourism-monitoring/repositories/auth/auth_repo.go:44.55,47.19 3 0
tourism-monitoring/repositories/auth/auth_repo.go:47.19,48.51 1 0
tourism-monitoring/repositories/auth/auth_repo.go:48.51,50.10 1 0
tourism-monitoring/repositories/auth/auth_repo.go:51.9,51.22 1 0
tourism-monitoring/repositories/auth/auth_repo.go:53.5,53.24 1 0
tourism-monitoring/repositories/auth/record.go:12.44,19.2 1 0
tourism-monitoring/repositories/auth/record.go:21.45,28.2 1 0
tourism-monitoring/repositories/places/places_repo.go:13.45,15.2 1 0
tourism-monitoring/repositories/places/places_repo.go:17.65,19.52 2 0
tourism-monitoring/repositories/places/places_repo.go:19.52,21.3 1 0
tourism-monitoring/repositories/places/places_repo.go:22.2,22.20 1 0
tourism-monitoring/repositories/places/places_repo.go:25.69,27.72 2 0
tourism-monitoring/repositories/places/places_repo.go:27.72,29.3 1 0
tourism-monitoring/repositories/places/places_repo.go:31.2,31.22 1 0
tourism-monitoring/repositories/places/places_repo.go:31.22,33.3 1 0
tourism-monitoring/repositories/places/places_repo.go:34.2,34.23 1 0
tourism-monitoring/repositories/places/places_repo.go:37.82,38.53 1 0
tourism-monitoring/repositories/places/places_repo.go:38.53,40.3 1 0
tourism-monitoring/repositories/places/places_repo.go:41.2,41.19 1 0
tourism-monitoring/repositories/places/places_repo.go:44.90,45.87 1 0
tourism-monitoring/repositories/places/places_repo.go:45.87,47.3 1 0
tourism-monitoring/repositories/places/places_repo.go:48.2,48.19 1 0
tourism-monitoring/repositories/places/places_repo.go:51.50,52.84 1 0
tourism-monitoring/repositories/places/places_repo.go:52.84,54.3 1 0
tourism-monitoring/repositories/places/places_repo.go:55.2,55.12 1 0
tourism-monitoring/repositories/places/places_repo.go:58.61,60.77 2 0
tourism-monitoring/repositories/places/places_repo.go:60.77,62.3 1 0
tourism-monitoring/repositories/places/places_repo.go:63.2,63.19 1 0
tourism-monitoring/middleware/admin_middleware.go:10.56,11.36 1 0
tourism-monitoring/middleware/admin_middleware.go:11.36,17.10 3 0
tourism-monitoring/middleware/admin_middleware.go:17.10,21.4 1 0
tourism-monitoring/middleware/admin_middleware.go:24.3,24.29 1 0
tourism-monitoring/middleware/admin_middleware.go:24.29,28.4 1 0
tourism-monitoring/middleware/admin_middleware.go:30.3,30.17 1 0
tourism-monitoring/middleware/jwt.go:20.89,33.16 4 0
tourism-monitoring/middleware/jwt.go:33.16,35.3 1 0
tourism-monitoring/middleware/jwt.go:36.2,36.15 1 0
tourism-monitoring/repositories/tourists/tourists_repo.go:13.49,15.2 1 0
tourism-monitoring/repositories/tourists/tourists_repo.go:17.68,19.122 2 0
tourism-monitoring/repositories/tourists/tourists_repo.go:19.122,21.3 1 0
tourism-monitoring/repositories/tourists/tourists_repo.go:22.2,22.19 1 0
tourism-monitoring/repositories/tourists/tourists_repo.go:25.72,27.143 2 0
tourism-monitoring/repositories/tourists/tourists_repo.go:27.143,29.3 1 0
tourism-monitoring/repositories/tourists/tourists_repo.go:31.2,31.21 1 0
tourism-monitoring/repositories/tourists/tourists_repo.go:31.21,33.3 1 0
tourism-monitoring/repositories/tourists/tourists_repo.go:34.2,34.22 1 0
tourism-monitoring/repositories/tourists/tourists_repo.go:37.83,38.52 1 0
tourism-monitoring/repositories/tourists/tourists_repo.go:38.52,40.3 1 0
tourism-monitoring/repositories/tourists/tourists_repo.go:41.2,41.18 1 0
tourism-monitoring/repositories/tourists/tourists_repo.go:44.91,45.85 1 0
tourism-monitoring/repositories/tourists/tourists_repo.go:45.85,47.3 1 0
tourism-monitoring/repositories/tourists/tourists_repo.go:48.2,48.18 1 0
tourism-monitoring/repositories/tourists/tourists_repo.go:51.54,52.83 1 0
tourism-monitoring/repositories/tourists/tourists_repo.go:52.83,54.3 1 0
tourism-monitoring/repositories/tourists/tourists_repo.go:55.2,55.12 1 0
tourism-monitoring/repositories/tourists/tourists_repo.go:58.65,60.76 2 0
tourism-monitoring/repositories/tourists/tourists_repo.go:60.76,62.3 1 0
tourism-monitoring/repositories/tourists/tourists_repo.go:63.2,63.19 1 0
tourism-monitoring/repositories/trash_report/trash_report_repo.go:12.55,14.2 1 0
tourism-monitoring/repositories/trash_report/trash_report_repo.go:16.93,18.114 2 0
tourism-monitoring/repositories/trash_report/trash_report_repo.go:18.114,20.3 1 0
tourism-monitoring/repositories/trash_report/trash_report_repo.go:21.2,21.26 1 0
tourism-monitoring/repositories/trash_report/trash_report_repo.go:24.86,26.101 2 0
tourism-monitoring/repositories/trash_report/trash_report_repo.go:26.101,28.3 1 0
tourism-monitoring/repositories/trash_report/trash_report_repo.go:30.2,30.28 1 0
tourism-monitoring/repositories/trash_report/trash_report_repo.go:30.28,32.3 1 0
tourism-monitoring/repositories/trash_report/trash_report_repo.go:33.2,33.29 1 0
tourism-monitoring/repositories/trash_report/trash_report_repo.go:36.111,37.59 1 0
tourism-monitoring/repositories/trash_report/trash_report_repo.go:37.59,39.3 1 0
tourism-monitoring/repositories/trash_report/trash_report_repo.go:41.2,42.108 2 0
tourism-monitoring/repositories/trash_report/trash_report_repo.go:42.108,44.6 1 0
tourism-monitoring/repositories/trash_report/trash_report_repo.go:45.5,45.36 1 0
tourism-monitoring/repositories/trash_report/trash_report_repo.go:48.119,49.99 1 0
tourism-monitoring/repositories/trash_report/trash_report_repo.go:49.99,51.3 1 0
tourism-monitoring/repositories/trash_report/trash_report_repo.go:52.2,53.108 2 0
tourism-monitoring/repositories/trash_report/trash_report_repo.go:53.108,55.6 1 0
tourism-monitoring/repositories/trash_report/trash_report_repo.go:56.5,56.36 1 0
tourism-monitoring/repositories/trash_report/trash_report_repo.go:59.61,61.79 2 0
tourism-monitoring/repositories/trash_report/trash_report_repo.go:61.79,63.3 1 0
tourism-monitoring/repositories/trash_report/trash_report_repo.go:64.2,64.12 1 0
tourism-monitoring/repositories/trash_report/trash_report_repo.go:67.72,69.83 2 0
tourism-monitoring/repositories/trash_report/trash_report_repo.go:69.83,71.3 1 0
tourism-monitoring/repositories/trash_report/trash_report_repo.go:72.2,72.19 1 0
tourism-monitoring/repositories/weather/weather_repo.go:31.36,36.2 1 0
tourism-monitoring/repositories/weather/weather_repo.go:38.82,42.16 3 0
tourism-monitoring/repositories/weather/weather_repo.go:42.16,44.3 1 0
tourism-monitoring/repositories/weather/weather_repo.go:45.2,47.38 2 0
tourism-monitoring/repositories/weather/weather_repo.go:47.38,49.3 1 0
tourism-monitoring/repositories/weather/weather_repo.go:51.2,52.72 2 0
tourism-monitoring/repositories/weather/weather_repo.go:52.72,54.3 1 0
tourism-monitoring/repositories/weather/weather_repo.go:56.2,56.26 1 0
tourism-monitoring/routes/routes.go:30.51,40.50 4 0
tourism-monitoring/routes/routes.go:40.50,42.4 1 0
tourism-monitoring/routes/routes.go:46.2,93.52 34 0
tourism-monitoring/repositories/visit_report/visit_report_repo.go:13.55,15.2 1 0
tourism-monitoring/repositories/visit_report/visit_report_repo.go:17.103,19.102 2 0
tourism-monitoring/repositories/visit_report/visit_report_repo.go:19.102,21.3 1 0
tourism-monitoring/repositories/visit_report/visit_report_repo.go:22.2,22.26 1 0
tourism-monitoring/repositories/visit_report/visit_report_repo.go:25.86,27.122 2 0
tourism-monitoring/repositories/visit_report/visit_report_repo.go:27.122,29.3 1 0
tourism-monitoring/repositories/visit_report/visit_report_repo.go:30.2,30.25 1 0
tourism-monitoring/repositories/visit_report/visit_report_repo.go:33.111,34.59 1 0
tourism-monitoring/repositories/visit_report/visit_report_repo.go:34.59,36.3 1 0
tourism-monitoring/repositories/visit_report/visit_report_repo.go:38.2,39.126 2 0
tourism-monitoring/repositories/visit_report/visit_report_repo.go:39.126,41.3 1 0
tourism-monitoring/repositories/visit_report/visit_report_repo.go:42.2,42.33 1 0
tourism-monitoring/repositories/visit_report/visit_report_repo.go:45.119,46.99 1 0
tourism-monitoring/repositories/visit_report/visit_report_repo.go:46.99,48.3 1 0
tourism-monitoring/repositories/visit_report/visit_report_repo.go:50.2,51.126 2 0
tourism-monitoring/repositories/visit_report/visit_report_repo.go:51.126,53.3 1 0
tourism-monitoring/repositories/visit_report/visit_report_repo.go:54.2,54.33 1 0
tourism-monitoring/repositories/visit_report/visit_report_repo.go:57.61,59.79 2 0
tourism-monitoring/repositories/visit_report/visit_report_repo.go:59.79,61.3 1 0
tourism-monitoring/repositories/visit_report/visit_report_repo.go:62.2,62.12 1 0
tourism-monitoring/repositories/visit_report/visit_report_repo.go:65.72,67.83 2 0
tourism-monitoring/repositories/visit_report/visit_report_repo.go:67.83,69.3 1 0
tourism-monitoring/repositories/visit_report/visit_report_repo.go:70.2,70.19 1 0
tourism-monitoring/repositories/visit_report/visit_report_repo.go:73.84,75.124 2 0
tourism-monitoring/repositories/visit_report/visit_report_repo.go:75.124,77.6 1 0
tourism-monitoring/repositories/visit_report/visit_report_repo.go:79.5,79.31 1 0
tourism-monitoring/services/auth_service.go:13.89,18.2 1 0
tourism-monitoring/services/auth_service.go:25.81,26.22 1 0
tourism-monitoring/services/auth_service.go:26.22,28.3 1 0
tourism-monitoring/services/auth_service.go:28.8,28.32 1 0
tourism-monitoring/services/auth_service.go:28.32,30.3 1 0
tourism-monitoring/services/auth_service.go:33.2,34.16 2 0
tourism-monitoring/services/auth_service.go:34.16,36.3 1 0
tourism-monitoring/services/auth_service.go:39.2,39.56 1 0
tourism-monitoring/services/auth_service.go:39.56,41.3 1 0
tourism-monitoring/services/auth_service.go:44.2,45.16 2 0
tourism-monitoring/services/auth_service.go:45.16,47.3 1 0
tourism-monitoring/services/auth_service.go:48.2,50.20 2 0
tourism-monitoring/services/auth_service.go:54.84,55.22 1 0
tourism-monitoring/services/auth_service.go:55.22,57.3 1 0
tourism-monitoring/services/auth_service.go:57.8,57.32 1 0
tourism-monitoring/services/auth_service.go:57.32,59.3 1 0
tourism-monitoring/services/auth_service.go:62.5,62.24 1 0
tourism-monitoring/services/auth_service.go:62.24,64.6 1 0
tourism-monitoring/services/auth_service.go:67.2,68.16 2 0
tourism-monitoring/services/auth_service.go:68.16,70.3 1 0
tourism-monitoring/services/auth_service.go:71.2,75.19 3 0
tourism-monitoring/services/auth_service.go:75.19,77.6 1 0
tourism-monitoring/services/auth_service.go:78.5,82.16 3 0
tourism-monitoring/services/auth_service.go:82.16,84.3 1 0
tourism-monitoring/services/auth_service.go:87.2,88.16 2 0
tourism-monitoring/services/auth_service.go:88.16,90.3 1 0
tourism-monitoring/services/auth_service.go:91.2,93.25 2 0
tourism-monitoring/services/auth_service.go:96.52,99.2 2 0
tourism-monitoring/services/auth_service.go:101.52,104.2 2 0
tourism-monitoring/services/places/places_service.go:12.71,14.2 1 0
tourism-monitoring/services/places/places_service.go:16.71,18.2 1 0
tourism-monitoring/services/places/places_service.go:20.75,22.2 1 0
tourism-monitoring/services/places/places_service.go:24.88,26.2 1 0
tourism-monitoring/services/places/places_service.go:28.96,30.2 1 0
tourism-monitoring/services/places/places_service.go:32.56,34.2 1 0
tourism-monitoring/services/places/places_service.go:36.67,38.2 1 0
tourism-monitoring/services/tourists/tourists_service.go:12.79,14.2 1 0
tourism-monitoring/services/tourists/tourists_service.go:16.74,18.2 1 0
tourism-monitoring/services/tourists/tourists_service.go:20.78,22.2 1 0
tourism-monitoring/services/tourists/tourists_service.go:24.89,26.2 1 0
tourism-monitoring/services/tourists/tourists_service.go:28.97,30.2 1 0
tourism-monitoring/services/tourists/tourists_service.go:32.60,34.2 1 0
tourism-monitoring/services/tourists/tourists_service.go:36.71,38.2 1 0
tourism-monitoring/services/ai/ai_service.go:21.117,24.16 3 0
tourism-monitoring/services/ai/ai_service.go:24.16,26.3 1 0
tourism-monitoring/services/ai/ai_service.go:27.2,31.8 1 0
tourism-monitoring/services/ai/ai_service.go:35.88,37.16 2 0
tourism-monitoring/services/ai/ai_service.go:37.16,39.3 1 0
tourism-monitoring/services/ai/ai_service.go:41.2,42.16 2 0
tourism-monitoring/services/ai/ai_service.go:42.16,44.3 1 0
tourism-monitoring/services/ai/ai_service.go:46.2,46.47 1 0
tourism-monitoring/services/ai/ai_service.go:50.93,52.16 2 0
tourism-monitoring/services/ai/ai_service.go:52.16,54.3 1 0
tourism-monitoring/services/ai/ai_service.go:56.2,66.16 5 0
tourism-monitoring/services/ai/ai_service.go:66.16,68.3 1 0
tourism-monitoring/services/ai/ai_service.go:70.2,70.39 1 0
tourism-monitoring/services/ai/ai_service.go:70.39,71.26 1 0
tourism-monitoring/services/ai/ai_service.go:71.26,72.44 1 0
tourism-monitoring/services/ai/ai_service.go:72.44,74.5 1 0
tourism-monitoring/services/ai/ai_service.go:78.2,80.20 2 0
tourism-monitoring/services/trash_report/trash_report_service.go:12.92,14.2 1 0
tourism-monitoring/services/trash_report/trash_report_service.go:16.99,18.2 1 0
tourism-monitoring/services/trash_report/trash_report_service.go:20.92,22.2 1 0
tourism-monitoring/services/trash_report/trash_report_service.go:24.117,26.2 1 0
tourism-monitoring/services/trash_report/trash_report_service.go:28.125,30.2 1 0
tourism-monitoring/services/trash_report/trash_report_service.go:32.67,34.2 1 0
tourism-monitoring/services/trash_report/trash_report_service.go:36.78,38.2 1 0
tourism-monitoring/services/visit_report/visit_report_service.go:12.92,14.2 1 0
tourism-monitoring/services/visit_report/visit_report_service.go:16.108,19.2 2 0
tourism-monitoring/services/visit_report/visit_report_service.go:21.93,23.2 1 0
tourism-monitoring/services/visit_report/visit_report_service.go:25.160,28.2 2 0
tourism-monitoring/services/visit_report/visit_report_service.go:30.168,34.2 3 0
tourism-monitoring/services/visit_report/visit_report_service.go:36.68,38.2 1 0
tourism-monitoring/services/visit_report/visit_report_service.go:40.79,42.2 1 0
tourism-monitoring/services/visit_report/visit_report_service.go:44.91,46.2 1 0
tourism-monitoring/services/visit_report/visit_report_service.go:48.80,50.23 2 0
tourism-monitoring/services/visit_report/visit_report_service.go:51.15,52.24 1 0
tourism-monitoring/services/visit_report/visit_report_service.go:53.15,54.24 1 0
tourism-monitoring/services/visit_report/visit_report_service.go:55.13,56.23 1 0
tourism-monitoring/services/visit_report/visit_report_service.go:57.20,58.24 1 0
tourism-monitoring/services/visit_report/visit_report_service.go:59.13,60.23 1 0
tourism-monitoring/services/visit_report/visit_report_service.go:61.17,62.24 1 0
tourism-monitoring/services/visit_report/visit_report_service.go:64.2,64.36 1 0
tourism-monitoring/services/weather/weather_service.go:12.75,14.2 1 0
tourism-monitoring/services/weather/weather_service.go:16.90,17.16 1 0
tourism-monitoring/services/weather/weather_service.go:17.16,19.3 1 0
tourism-monitoring/services/weather/weather_service.go:21.2,22.16 2 0
tourism-monitoring/services/weather/weather_service.go:22.16,24.3 1 0
tourism-monitoring/services/weather/weather_service.go:26.2,26.18 1 0
tourism-monitoring/repositories/places/places_repo.go:13.45,15.2 1 0
tourism-monitoring/repositories/places/places_repo.go:17.65,19.52 2 0
tourism-monitoring/repositories/places/places_repo.go:19.52,21.3 1 0
tourism-monitoring/repositories/places/places_repo.go:22.2,22.20 1 0
tourism-monitoring/repositories/places/places_repo.go:25.69,27.72 2 0
tourism-monitoring/repositories/places/places_repo.go:27.72,29.3 1 0
tourism-monitoring/repositories/places/places_repo.go:31.2,31.22 1 0
tourism-monitoring/repositories/places/places_repo.go:31.22,33.3 1 0
tourism-monitoring/repositories/places/places_repo.go:34.2,34.23 1 0
tourism-monitoring/repositories/places/places_repo.go:37.82,38.53 1 0
tourism-monitoring/repositories/places/places_repo.go:38.53,40.3 1 0
tourism-monitoring/repositories/places/places_repo.go:41.2,41.19 1 0
tourism-monitoring/repositories/places/places_repo.go:44.90,45.87 1 0
tourism-monitoring/repositories/places/places_repo.go:45.87,47.3 1 0
tourism-monitoring/repositories/places/places_repo.go:48.2,48.19 1 0
tourism-monitoring/repositories/places/places_repo.go:51.50,52.84 1 0
tourism-monitoring/repositories/places/places_repo.go:52.84,54.3 1 0
tourism-monitoring/repositories/places/places_repo.go:55.2,55.12 1 0
tourism-monitoring/repositories/places/places_repo.go:58.61,60.77 2 0
tourism-monitoring/repositories/places/places_repo.go:60.77,62.3 1 0
tourism-monitoring/repositories/places/places_repo.go:63.2,63.19 1 0
tourism-monitoring/services/places/places_service.go:12.71,14.2 1 1
tourism-monitoring/services/places/places_service.go:16.71,18.2 1 1
tourism-monitoring/services/places/places_service.go:20.75,22.2 1 1
tourism-monitoring/services/places/places_service.go:24.88,26.2 1 1
tourism-monitoring/services/places/places_service.go:28.96,30.2 1 1
tourism-monitoring/services/places/places_service.go:32.56,34.2 1 1
tourism-monitoring/services/places/places_service.go:36.67,38.2 1 1
tourism-monitoring/repositories/tourists/tourists_repo.go:13.49,15.2 1 0
tourism-monitoring/repositories/tourists/tourists_repo.go:17.68,19.122 2 0
tourism-monitoring/repositories/tourists/tourists_repo.go:19.122,21.3 1 0
tourism-monitoring/repositories/tourists/tourists_repo.go:22.2,22.19 1 0
tourism-monitoring/repositories/tourists/tourists_repo.go:25.72,27.143 2 0
tourism-monitoring/repositories/tourists/tourists_repo.go:27.143,29.3 1 0
tourism-monitoring/repositories/tourists/tourists_repo.go:31.2,31.21 1 0
tourism-monitoring/repositories/tourists/tourists_repo.go:31.21,33.3 1 0
tourism-monitoring/repositories/tourists/tourists_repo.go:34.2,34.22 1 0
tourism-monitoring/repositories/tourists/tourists_repo.go:37.83,38.52 1 0
tourism-monitoring/repositories/tourists/tourists_repo.go:38.52,40.3 1 0
tourism-monitoring/repositories/tourists/tourists_repo.go:41.2,41.18 1 0
tourism-monitoring/repositories/tourists/tourists_repo.go:44.91,45.85 1 0
tourism-monitoring/repositories/tourists/tourists_repo.go:45.85,47.3 1 0
tourism-monitoring/repositories/tourists/tourists_repo.go:48.2,48.18 1 0
tourism-monitoring/repositories/tourists/tourists_repo.go:51.54,52.83 1 0
tourism-monitoring/repositories/tourists/tourists_repo.go:52.83,54.3 1 0
tourism-monitoring/repositories/tourists/tourists_repo.go:55.2,55.12 1 0
tourism-monitoring/repositories/tourists/tourists_repo.go:58.65,60.76 2 0
tourism-monitoring/repositories/tourists/tourists_repo.go:60.76,62.3 1 0
tourism-monitoring/repositories/tourists/tourists_repo.go:63.2,63.19 1 0
tourism-monitoring/services/tourists/tourists_service.go:12.79,14.2 1 1
tourism-monitoring/services/tourists/tourists_service.go:16.74,18.2 1 1
tourism-monitoring/services/tourists/tourists_service.go:20.78,22.2 1 1
tourism-monitoring/services/tourists/tourists_service.go:24.89,26.2 1 1
tourism-monitoring/services/tourists/tourists_service.go:28.97,30.2 1 1
tourism-monitoring/services/tourists/tourists_service.go:32.60,34.2 1 1
tourism-monitoring/services/tourists/tourists_service.go:36.71,38.2 1 1
tourism-monitoring/repositories/trash_report/trash_report_repo.go:12.55,14.2 1 0
tourism-monitoring/repositories/trash_report/trash_report_repo.go:16.93,18.114 2 0
tourism-monitoring/repositories/trash_report/trash_report_repo.go:18.114,20.3 1 0
tourism-monitoring/repositories/trash_report/trash_report_repo.go:21.2,21.26 1 0
tourism-monitoring/repositories/trash_report/trash_report_repo.go:24.86,26.101 2 0
tourism-monitoring/repositories/trash_report/trash_report_repo.go:26.101,28.3 1 0
tourism-monitoring/repositories/trash_report/trash_report_repo.go:30.2,30.28 1 0
tourism-monitoring/repositories/trash_report/trash_report_repo.go:30.28,32.3 1 0
tourism-monitoring/repositories/trash_report/trash_report_repo.go:33.2,33.29 1 0
tourism-monitoring/repositories/trash_report/trash_report_repo.go:36.111,37.59 1 0
tourism-monitoring/repositories/trash_report/trash_report_repo.go:37.59,39.3 1 0
tourism-monitoring/repositories/trash_report/trash_report_repo.go:41.2,42.108 2 0
tourism-monitoring/repositories/trash_report/trash_report_repo.go:42.108,44.6 1 0
tourism-monitoring/repositories/trash_report/trash_report_repo.go:45.5,45.36 1 0
tourism-monitoring/repositories/trash_report/trash_report_repo.go:48.119,49.99 1 0
tourism-monitoring/repositories/trash_report/trash_report_repo.go:49.99,51.3 1 0
tourism-monitoring/repositories/trash_report/trash_report_repo.go:52.2,53.108 2 0
tourism-monitoring/repositories/trash_report/trash_report_repo.go:53.108,55.6 1 0
tourism-monitoring/repositories/trash_report/trash_report_repo.go:56.5,56.36 1 0
tourism-monitoring/repositories/trash_report/trash_report_repo.go:59.61,61.79 2 0
tourism-monitoring/repositories/trash_report/trash_report_repo.go:61.79,63.3 1 0
tourism-monitoring/repositories/trash_report/trash_report_repo.go:64.2,64.12 1 0
tourism-monitoring/repositories/trash_report/trash_report_repo.go:67.72,69.83 2 0
tourism-monitoring/repositories/trash_report/trash_report_repo.go:69.83,71.3 1 0
tourism-monitoring/repositories/trash_report/trash_report_repo.go:72.2,72.19 1 0
tourism-monitoring/services/trash_report/trash_report_service.go:12.92,14.2 1 1
tourism-monitoring/services/trash_report/trash_report_service.go:16.99,18.2 1 1
tourism-monitoring/services/trash_report/trash_report_service.go:20.92,22.2 1 1
tourism-monitoring/services/trash_report/trash_report_service.go:24.117,26.2 1 1
tourism-monitoring/services/trash_report/trash_report_service.go:28.125,30.2 1 1
tourism-monitoring/services/trash_report/trash_report_service.go:32.67,34.2 1 1
tourism-monitoring/services/trash_report/trash_report_service.go:36.78,38.2 1 1
tourism-monitoring/repositories/visit_report/visit_report_repo.go:13.55,15.2 1 0
tourism-monitoring/repositories/visit_report/visit_report_repo.go:17.103,19.102 2 0
tourism-monitoring/repositories/visit_report/visit_report_repo.go:19.102,21.3 1 0
tourism-monitoring/repositories/visit_report/visit_report_repo.go:22.2,22.26 1 0
tourism-monitoring/repositories/visit_report/visit_report_repo.go:25.86,27.122 2 0
tourism-monitoring/repositories/visit_report/visit_report_repo.go:27.122,29.3 1 0
tourism-monitoring/repositories/visit_report/visit_report_repo.go:30.2,30.25 1 0
tourism-monitoring/repositories/visit_report/visit_report_repo.go:33.111,34.59 1 0
tourism-monitoring/repositories/visit_report/visit_report_repo.go:34.59,36.3 1 0
tourism-monitoring/repositories/visit_report/visit_report_repo.go:38.2,39.126 2 0
tourism-monitoring/repositories/visit_report/visit_report_repo.go:39.126,41.3 1 0
tourism-monitoring/repositories/visit_report/visit_report_repo.go:42.2,42.33 1 0
tourism-monitoring/repositories/visit_report/visit_report_repo.go:45.119,46.99 1 0
tourism-monitoring/repositories/visit_report/visit_report_repo.go:46.99,48.3 1 0
tourism-monitoring/repositories/visit_report/visit_report_repo.go:50.2,51.126 2 0
tourism-monitoring/repositories/visit_report/visit_report_repo.go:51.126,53.3 1 0
tourism-monitoring/repositories/visit_report/visit_report_repo.go:54.2,54.33 1 0
tourism-monitoring/repositories/visit_report/visit_report_repo.go:57.61,59.79 2 0
tourism-monitoring/repositories/visit_report/visit_report_repo.go:59.79,61.3 1 0
tourism-monitoring/repositories/visit_report/visit_report_repo.go:62.2,62.12 1 0
tourism-monitoring/repositories/visit_report/visit_report_repo.go:65.72,67.83 2 0
tourism-monitoring/repositories/visit_report/visit_report_repo.go:67.83,69.3 1 0
tourism-monitoring/repositories/visit_report/visit_report_repo.go:70.2,70.19 1 0
tourism-monitoring/repositories/visit_report/visit_report_repo.go:73.84,75.124 2 0
tourism-monitoring/repositories/visit_report/visit_report_repo.go:75.124,77.6 1 0
tourism-monitoring/repositories/visit_report/visit_report_repo.go:79.5,79.31 1 0
tourism-monitoring/services/visit_report/visit_report_service.go:12.92,14.2 1 1
tourism-monitoring/services/visit_report/visit_report_service.go:16.108,19.2 2 1
tourism-monitoring/services/visit_report/visit_report_service.go:21.93,23.2 1 1
tourism-monitoring/services/visit_report/visit_report_service.go:25.160,28.2 2 1
tourism-monitoring/services/visit_report/visit_report_service.go:30.168,34.2 3 0
tourism-monitoring/services/visit_report/visit_report_service.go:36.68,38.2 1 1
tourism-monitoring/services/visit_report/visit_report_service.go:40.79,42.2 1 0
tourism-monitoring/services/visit_report/visit_report_service.go:44.91,46.2 1 0
tourism-monitoring/services/visit_report/visit_report_service.go:48.80,50.23 2 1
tourism-monitoring/services/visit_report/visit_report_service.go:51.15,52.24 1 0
tourism-monitoring/services/visit_report/visit_report_service.go:53.15,54.24 1 0
tourism-monitoring/services/visit_report/visit_report_service.go:55.13,56.23 1 0
tourism-monitoring/services/visit_report/visit_report_service.go:57.20,58.24 1 0
tourism-monitoring/services/visit_report/visit_report_service.go:59.13,60.23 1 1
tourism-monitoring/services/visit_report/visit_report_service.go:61.17,62.24 1 0
tourism-monitoring/services/visit_report/visit_report_service.go:64.2,64.36 1 1
tourism-monitoring/controllers/auth/auth_controller.go:12.67,16.2 1 1
tourism-monitoring/controllers/auth/auth_controller.go:22.76,26.16 4 1
tourism-monitoring/controllers/auth/auth_controller.go:26.16,28.3 1 0
tourism-monitoring/controllers/auth/auth_controller.go:29.2,29.60 1 1
tourism-monitoring/controllers/auth/auth_controller.go:32.79,34.46 2 1
tourism-monitoring/controllers/auth/auth_controller.go:34.46,36.3 1 0
tourism-monitoring/controllers/auth/auth_controller.go:37.2,38.16 2 1
tourism-monitoring/controllers/auth/auth_controller.go:38.16,40.3 1 0
tourism-monitoring/controllers/auth/auth_controller.go:41.2,41.60 1 1
tourism-monitoring/controllers/auth/request/login_request.go:10.61,15.2 1 1
tourism-monitoring/controllers/auth/request/register_request.go:16.67,27.2 1 1
tourism-monitoring/controllers/auth/response/auth_response.go:12.52,19.2 1 1
tourism-monitoring/controllers/base/base_response.go:16.53,22.2 1 1
tourism-monitoring/controllers/base/base_response.go:24.53,29.2 1 0
tourism-monitoring/helper/rensponse_code_helper.go:8.44,9.13 1 0
tourism-monitoring/helper/rensponse_code_helper.go:10.32,11.31 1 0
tourism-monitoring/helper/rensponse_code_helper.go:12.31,13.31 1 0
tourism-monitoring/helper/rensponse_code_helper.go:14.34,15.31 1 0
tourism-monitoring/helper/rensponse_code_helper.go:17.2,17.39 1 0
tourism-monitoring/middleware/admin_middleware.go:10.56,11.36 1 0
tourism-monitoring/middleware/admin_middleware.go:11.36,17.10 3 0
tourism-monitoring/middleware/admin_middleware.go:17.10,21.4 1 0
tourism-monitoring/middleware/admin_middleware.go:24.3,24.29 1 0
tourism-monitoring/middleware/admin_middleware.go:24.29,28.4 1 0
tourism-monitoring/middleware/admin_middleware.go:30.3,30.17 1 0
tourism-monitoring/middleware/jwt.go:20.89,33.16 4 0
tourism-monitoring/middleware/jwt.go:33.16,35.3 1 0
tourism-monitoring/middleware/jwt.go:36.2,36.15 1 0
tourism-monitoring/repositories/auth/auth_repo.go:10.41,14.2 1 0
tourism-monitoring/repositories/auth/auth_repo.go:20.75,23.25 3 0
tourism-monitoring/repositories/auth/auth_repo.go:23.25,25.3 1 0
tourism-monitoring/repositories/auth/auth_repo.go:26.2,26.33 1 0
tourism-monitoring/repositories/auth/auth_repo.go:29.78,30.56 1 0
tourism-monitoring/repositories/auth/auth_repo.go:30.56,32.3 1 0
tourism-monitoring/repositories/auth/auth_repo.go:33.2,33.18 1 0
tourism-monitoring/repositories/auth/auth_repo.go:36.78,38.75 2 0
tourism-monitoring/repositories/auth/auth_repo.go:38.75,40.3 1 0
tourism-monitoring/repositories/auth/auth_repo.go:41.2,41.18 1 0
tourism-monitoring/repositories/auth/auth_repo.go:44.55,47.19 3 0
tourism-monitoring/repositories/auth/auth_repo.go:47.19,48.51 1 0
tourism-monitoring/repositories/auth/auth_repo.go:48.51,50.10 1 0
tourism-monitoring/repositories/auth/auth_repo.go:51.9,51.22 1 0
tourism-monitoring/repositories/auth/auth_repo.go:53.5,53.24 1 0
tourism-monitoring/repositories/auth/record.go:12.44,19.2 1 0
tourism-monitoring/repositories/auth/record.go:21.45,28.2 1 0
tourism-monitoring/services/auth_service.go:13.89,18.2 1 1
tourism-monitoring/services/auth_service.go:25.81,26.22 1 1
tourism-monitoring/services/auth_service.go:26.22,28.3 1 0
tourism-monitoring/services/auth_service.go:28.8,28.32 1 1
tourism-monitoring/services/auth_service.go:28.32,30.3 1 0
tourism-monitoring/services/auth_service.go:33.2,34.16 2 1
tourism-monitoring/services/auth_service.go:34.16,36.3 1 0
tourism-monitoring/services/auth_service.go:39.2,39.56 1 1
tourism-monitoring/services/auth_service.go:39.56,41.3 1 0
tourism-monitoring/services/auth_service.go:44.2,45.16 2 1
tourism-monitoring/services/auth_service.go:45.16,47.3 1 0
tourism-monitoring/services/auth_service.go:48.2,50.20 2 1
tourism-monitoring/services/auth_service.go:54.84,55.22 1 1
tourism-monitoring/services/auth_service.go:55.22,57.3 1 0
tourism-monitoring/services/auth_service.go:57.8,57.32 1 1
tourism-monitoring/services/auth_service.go:57.32,59.3 1 0
tourism-monitoring/services/auth_service.go:62.5,62.24 1 1
tourism-monitoring/services/auth_service.go:62.24,64.6 1 1
tourism-monitoring/services/auth_service.go:67.2,68.16 2 1
tourism-monitoring/services/auth_service.go:68.16,70.3 1 0
tourism-monitoring/services/auth_service.go:71.2,75.19 3 1
tourism-monitoring/services/auth_service.go:75.19,77.6 1 0
tourism-monitoring/services/auth_service.go:78.5,82.16 3 1
tourism-monitoring/services/auth_service.go:82.16,84.3 1 0
tourism-monitoring/services/auth_service.go:87.2,88.16 2 1
tourism-monitoring/services/auth_service.go:88.16,90.3 1 0
tourism-monitoring/services/auth_service.go:91.2,93.25 2 1
tourism-monitoring/services/auth_service.go:96.52,99.2 2 1
tourism-monitoring/services/auth_service.go:101.52,104.2 2 1
